app/build/intermediates/manifest_merge_blame_file/debug/manifest-merger-blame-debug-report.txt
1<?xml version="1.0" encoding="utf-8"?>
2<manifest xmlns:android="http://schemas.android.com/apk/res/android"
3    package="com.benny.openlauncher.debug"
4    android:versionCode="43"
5    android:versionName="0.7.5" >
6
7    <uses-sdk
8        android:minSdkVersion="21"
8-->src\main\AndroidManifest.xml
9        android:targetSdkVersion="32" />
9-->src\main\AndroidManifest.xml
10
11    <uses-permission android:name="android.permission.SET_WALLPAPER" />
11-->src\main\AndroidManifest.xml:6:5-72
11-->src\main\AndroidManifest.xml:6:22-69
12    <uses-permission android:name="android.permission.READ_EXTERNAL_STORAGE" />
12-->src\main\AndroidManifest.xml:7:5-80
12-->src\main\AndroidManifest.xml:7:22-77
13    <uses-permission android:name="android.permission.SYSTEM_ALERT_WINDOW" />
13-->src\main\AndroidManifest.xml:8:5-78
13-->src\main\AndroidManifest.xml:8:22-75
14    <uses-permission android:name="android.permission.WRITE_EXTERNAL_STORAGE" />
14-->src\main\AndroidManifest.xml:9:5-81
14-->src\main\AndroidManifest.xml:9:22-78
15    <uses-permission android:name="android.permission.VIBRATE" />
15-->src\main\AndroidManifest.xml:10:5-66
15-->src\main\AndroidManifest.xml:10:22-63
16    <uses-permission android:name="android.permission.EXPAND_STATUS_BAR" />
16-->src\main\AndroidManifest.xml:11:5-76
16-->src\main\AndroidManifest.xml:11:22-73
17    <uses-permission android:name="android.permission.REQUEST_DELETE_PACKAGES" />
17-->src\main\AndroidManifest.xml:12:5-82
17-->src\main\AndroidManifest.xml:12:22-79
18    <uses-permission android:name="android.permission.USE_BIOMETRIC" />
18-->src\main\AndroidManifest.xml:13:5-72
18-->src\main\AndroidManifest.xml:13:22-69
19    <uses-permission
19-->src\main\AndroidManifest.xml:14:5-17:40
20        android:name="android.permission.MANAGE_EXTERNAL_STORAGE"
20-->src\main\AndroidManifest.xml:15:9-66
21        android:minSdkVersion="30" />
21-->src\main\AndroidManifest.xml:16:9-35
22    <uses-permission android:name="android.permission.WRITE_SETTINGS" />
22-->src\main\AndroidManifest.xml:18:5-20:47
22-->src\main\AndroidManifest.xml:19:9-57
23    <uses-permission android:name="android.permission.QUERY_ALL_PACKAGES" />
23-->src\main\AndroidManifest.xml:21:5-23:53
23-->src\main\AndroidManifest.xml:22:9-61
24    <uses-permission android:name="android.permission.GET_TASKS" />
24-->src\main\AndroidManifest.xml:24:5-68
24-->src\main\AndroidManifest.xml:24:22-65
25
26    <queries>
26-->[com.github.dhaval2404:imagepicker:2.1] AndroidManifest.xml:9:5-19:15
27
28        <!-- Query Camera Packages -->
29        <intent>
29-->[com.github.dhaval2404:imagepicker:2.1] AndroidManifest.xml:12:9-14:18
30            <action android:name="android.media.action.IMAGE_CAPTURE" />
30-->[com.github.dhaval2404:imagepicker:2.1] AndroidManifest.xml:13:13-73
30-->[com.github.dhaval2404:imagepicker:2.1] AndroidManifest.xml:13:21-70
31        </intent>
32        <!-- Query Open Document -->
33        <intent>
33-->[com.github.dhaval2404:imagepicker:2.1] AndroidManifest.xml:16:9-18:18
34            <action android:name="android.intent.action.OPEN_DOCUMENT_TREE" />
34-->[com.github.dhaval2404:imagepicker:2.1] AndroidManifest.xml:17:13-79
34-->[com.github.dhaval2404:imagepicker:2.1] AndroidManifest.xml:17:21-76
35        </intent>
36    </queries> <!-- suppress DeprecatedClassUsageInspection -->
37    <uses-permission android:name="android.permission.USE_FINGERPRINT" />
37-->[androidx.biometric:biometric:1.1.0] AndroidManifest.xml:27:5-74
37-->[androidx.biometric:biometric:1.1.0] AndroidManifest.xml:27:22-71
38    <uses-permission android:name="android.permission.WAKE_LOCK" />
38-->[androidx.work:work-runtime:2.7.1] AndroidManifest.xml:25:5-68
38-->[androidx.work:work-runtime:2.7.1] AndroidManifest.xml:25:22-65
39    <uses-permission android:name="android.permission.ACCESS_NETWORK_STATE" />
39-->[androidx.work:work-runtime:2.7.1] AndroidManifest.xml:26:5-79
39-->[androidx.work:work-runtime:2.7.1] AndroidManifest.xml:26:22-76
40    <uses-permission android:name="android.permission.RECEIVE_BOOT_COMPLETED" />
40-->[androidx.work:work-runtime:2.7.1] AndroidManifest.xml:27:5-81
40-->[androidx.work:work-runtime:2.7.1] AndroidManifest.xml:27:22-78
41    <uses-permission android:name="android.permission.FOREGROUND_SERVICE" />
41-->[androidx.work:work-runtime:2.7.1] AndroidManifest.xml:28:5-77
41-->[androidx.work:work-runtime:2.7.1] AndroidManifest.xml:28:22-74
42
43    <application
43-->src\main\AndroidManifest.xml:26:5-206:19
44        android:name="com.kids.launcher.AppObject"
44-->src\main\AndroidManifest.xml:27:9-51
45        android:appComponentFactory="androidx.core.app.CoreComponentFactory"
45-->[androidx.core:core:1.7.0] AndroidManifest.xml:24:18-86
46        android:debuggable="true"
47        android:hardwareAccelerated="true"
47-->src\main\AndroidManifest.xml:28:9-43
48        android:icon="@mipmap/ic_launcher"
48-->src\main\AndroidManifest.xml:29:9-43
49        android:label="@string/app_name"
49-->src\main\AndroidManifest.xml:30:9-41
50        android:largeHeap="false"
50-->src\main\AndroidManifest.xml:31:9-34
51        android:launchMode="singleTask"
51-->src\main\AndroidManifest.xml:32:9-40
52        android:resizeableActivity="false"
52-->src\main\AndroidManifest.xml:33:9-43
53        android:supportsRtl="true"
53-->src\main\AndroidManifest.xml:34:9-35
54        android:testOnly="true"
55        android:theme="@style/Home.Light" >
55-->src\main\AndroidManifest.xml:35:9-42
56        <activity
56-->src\main\AndroidManifest.xml:36:9-38:40
57            android:name="com.kids.launcher.activity.timeLimit.UserLock"
57-->src\main\AndroidManifest.xml:37:13-56
58            android:exported="false" />
58-->src\main\AndroidManifest.xml:38:13-37
59        <activity
59-->src\main\AndroidManifest.xml:39:9-41:40
60            android:name="com.kids.launcher.activity.timeLimit.ProfileLock"
60-->src\main\AndroidManifest.xml:40:13-59
61            android:exported="false" />
61-->src\main\AndroidManifest.xml:41:13-37
62        <activity
62-->src\main\AndroidManifest.xml:42:9-44:40
63            android:name="com.kids.launcher.activity.timeLimit.subFeatures.InputMonitoring"
63-->src\main\AndroidManifest.xml:43:13-75
64            android:exported="false" />
64-->src\main\AndroidManifest.xml:44:13-37
65        <activity android:name="com.kids.launcher.activity.profileManagement.AccessProfileManagementActivity" />
65-->src\main\AndroidManifest.xml:45:9-96
65-->src\main\AndroidManifest.xml:45:19-93
66        <activity android:name="com.kids.launcher.activity.globalSettingsItems.pinLock.PinLockActivity" />
66-->src\main\AndroidManifest.xml:46:9-90
66-->src\main\AndroidManifest.xml:46:19-87
67        <activity android:name="com.kids.launcher.activity.globalSettingsItems.patternLock.PatternLockActivity" />
67-->src\main\AndroidManifest.xml:47:9-98
67-->src\main\AndroidManifest.xml:47:19-95
68        <activity android:name="com.kids.launcher.activity.UserManagement.UserDetailsActivity" />
68-->src\main\AndroidManifest.xml:48:9-81
68-->src\main\AndroidManifest.xml:48:19-78
69        <activity android:name="com.kids.launcher.activity.profileManagement.ProfileDetailsActivity" />
69-->src\main\AndroidManifest.xml:49:9-87
69-->src\main\AndroidManifest.xml:49:19-84
70        <activity
70-->src\main\AndroidManifest.xml:50:9-52:40
71            android:name="com.kids.launcher.activity.blockActivity.BlockActivity"
71-->src\main\AndroidManifest.xml:51:13-82
72            android:exported="false" />
72-->src\main\AndroidManifest.xml:52:13-37
73        <activity
73-->src\main\AndroidManifest.xml:53:9-55:40
74            android:name="com.kids.launcher.activity.timeLimit.TimeLimitActivity"
74-->src\main\AndroidManifest.xml:54:13-65
75            android:exported="false" />
75-->src\main\AndroidManifest.xml:55:13-37
76        <activity
76-->src\main\AndroidManifest.xml:56:9-58:40
77            android:name="com.kids.launcher.activity.timeLimit.subFeatures.UsageTimeLimit"
77-->src\main\AndroidManifest.xml:57:13-74
78            android:exported="false" />
78-->src\main\AndroidManifest.xml:58:13-37
79        <activity
79-->src\main\AndroidManifest.xml:59:9-61:40
80            android:name="com.kids.launcher.activity.profileManagement.CreateProfileManagement"
80-->src\main\AndroidManifest.xml:60:13-96
81            android:exported="false" />
81-->src\main\AndroidManifest.xml:61:13-37
82        <activity
82-->src\main\AndroidManifest.xml:62:9-64:40
83            android:name="com.kids.launcher.activity.profileManagement.ProfileManagement"
83-->src\main\AndroidManifest.xml:63:13-90
84            android:exported="false" />
84-->src\main\AndroidManifest.xml:64:13-37
85        <activity
85-->src\main\AndroidManifest.xml:65:9-67:40
86            android:name="com.kids.launcher.activity.timeLimit.subFeatures.AddFunProfiles"
86-->src\main\AndroidManifest.xml:66:13-74
87            android:exported="false" />
87-->src\main\AndroidManifest.xml:67:13-37
88        <activity
88-->src\main\AndroidManifest.xml:68:9-70:40
89            android:name="com.kids.launcher.activity.UserManagement.CreateUserActivity"
89-->src\main\AndroidManifest.xml:69:13-88
90            android:exported="false" />
90-->src\main\AndroidManifest.xml:70:13-37
91        <activity
91-->src\main\AndroidManifest.xml:71:9-73:40
92            android:name="com.kids.launcher.activity.UserManagement.UserManagementActivity"
92-->src\main\AndroidManifest.xml:72:13-92
93            android:exported="false" />
93-->src\main\AndroidManifest.xml:73:13-37
94        <activity
94-->src\main\AndroidManifest.xml:74:9-76:40
95            android:name="com.kids.launcher.activity.globalSettingsItems.AdminPassActivity"
95-->src\main\AndroidManifest.xml:75:13-92
96            android:exported="false" />
96-->src\main\AndroidManifest.xml:76:13-37
97        <activity
97-->src\main\AndroidManifest.xml:77:9-79:40
98            android:name="com.kids.launcher.activity.globalSettingsItems.LanguageActivity"
98-->src\main\AndroidManifest.xml:78:13-91
99            android:exported="false" />
99-->src\main\AndroidManifest.xml:79:13-37
100        <activity
100-->src\main\AndroidManifest.xml:80:9-82:40
101            android:name="com.kids.launcher.activity.GlobalSettingsActivity"
101-->src\main\AndroidManifest.xml:81:13-77
102            android:exported="false" />
102-->src\main\AndroidManifest.xml:82:13-37
103        <activity
103-->src\main\AndroidManifest.xml:83:9-104:20
104            android:name="com.kids.launcher.activity.MainActivity"
104-->src\main\AndroidManifest.xml:84:13-67
105            android:clearTaskOnLaunch="true"
105-->src\main\AndroidManifest.xml:85:13-45
106            android:excludeFromRecents="true"
106-->src\main\AndroidManifest.xml:86:13-46
107            android:exported="true"
107-->src\main\AndroidManifest.xml:87:13-36
108            android:label="@string/app_name"
108-->src\main\AndroidManifest.xml:88:13-45
109            android:launchMode="singleInstance"
109-->src\main\AndroidManifest.xml:89:13-48
110            android:stateNotNeeded="true"
110-->src\main\AndroidManifest.xml:90:13-42
111            android:taskAffinity=""
111-->src\main\AndroidManifest.xml:91:13-36
112            android:windowSoftInputMode="adjustNothing" >
112-->src\main\AndroidManifest.xml:92:13-56
113            <intent-filter>
113-->src\main\AndroidManifest.xml:93:13-103:29
114                <action android:name="android.intent.action.MAIN" />
114-->src\main\AndroidManifest.xml:94:17-69
114-->src\main\AndroidManifest.xml:94:25-66
115
116                <category android:name="android.intent.category.LAUNCHER" />
116-->src\main\AndroidManifest.xml:96:17-77
116-->src\main\AndroidManifest.xml:96:27-74
117
118                <action android:name="android.intent.action.VIEW" />
118-->src\main\AndroidManifest.xml:98:17-69
118-->src\main\AndroidManifest.xml:98:25-66
119
120                <category android:name="android.intent.category.HOME" />
120-->src\main\AndroidManifest.xml:100:17-73
120-->src\main\AndroidManifest.xml:100:27-70
121                <category android:name="android.intent.category.DEFAULT" />
121-->src\main\AndroidManifest.xml:101:17-76
121-->src\main\AndroidManifest.xml:101:27-73
122                <category android:name="android.intent.category.SAMPLE_CODE" />
122-->src\main\AndroidManifest.xml:102:17-80
122-->src\main\AndroidManifest.xml:102:27-77
123            </intent-filter>
124        </activity>
125
126        <meta-data
126-->src\main\AndroidManifest.xml:106:9-108:35
127            android:name="android.max_aspect"
127-->src\main\AndroidManifest.xml:107:13-46
128            android:value="2.1" />
128-->src\main\AndroidManifest.xml:108:13-32
129
130        <activity
130-->src\main\AndroidManifest.xml:110:9-115:49
131            android:name="com.kids.launcher.activity.OnBoardActivity"
131-->src\main\AndroidManifest.xml:111:13-70
132            android:clearTaskOnLaunch="true"
132-->src\main\AndroidManifest.xml:112:13-45
133            android:exported="true"
133-->src\main\AndroidManifest.xml:113:13-36
134            android:label="@string/app_name"
134-->src\main\AndroidManifest.xml:114:13-45
135            android:theme="@style/IntroTheme" />
135-->src\main\AndroidManifest.xml:115:13-46
136        <activity
136-->src\main\AndroidManifest.xml:116:9-118:39
137            android:name="com.kids.launcher.activity.HomeActivity"
137-->src\main\AndroidManifest.xml:117:13-67
138            android:exported="true" />
138-->src\main\AndroidManifest.xml:118:13-36
139        <activity
139-->src\main\AndroidManifest.xml:119:9-121:86
140            android:name="com.kids.launcher.activity.AutoFinishActivity"
140-->src\main\AndroidManifest.xml:120:13-73
141            android:theme="@android:style/Theme.Translucent.NoTitleBar.Fullscreen" />
141-->src\main\AndroidManifest.xml:121:13-83
142        <activity
142-->src\main\AndroidManifest.xml:122:9-126:59
143            android:name="com.kids.launcher.activity.MinibarEditActivity"
143-->src\main\AndroidManifest.xml:123:13-74
144            android:label="@string/minibar"
144-->src\main\AndroidManifest.xml:124:13-44
145            android:parentActivityName="com.kids.launcher.activity.HomeActivity"
145-->src\main\AndroidManifest.xml:125:13-81
146            android:theme="@style/NormalActivity.Light" />
146-->src\main\AndroidManifest.xml:126:13-56
147        <activity
147-->src\main\AndroidManifest.xml:127:9-131:59
148            android:name="com.kids.launcher.activity.SettingsActivity"
148-->src\main\AndroidManifest.xml:128:13-71
149            android:configChanges="orientation|keyboard|screenSize"
149-->src\main\AndroidManifest.xml:129:13-68
150            android:label="@string/pref_title__settings"
150-->src\main\AndroidManifest.xml:130:13-57
151            android:theme="@style/NormalActivity.Light" />
151-->src\main\AndroidManifest.xml:131:13-56
152        <activity
152-->src\main\AndroidManifest.xml:132:9-135:59
153            android:name="com.kids.launcher.activity.HideAppsActivity"
153-->src\main\AndroidManifest.xml:133:13-71
154            android:label="@string/app_name"
154-->src\main\AndroidManifest.xml:134:13-45
155            android:theme="@style/NormalActivity.Light" />
155-->src\main\AndroidManifest.xml:135:13-56
156        <activity
156-->src\main\AndroidManifest.xml:136:9-146:20
157            android:name="com.nononsenseapps.filepicker.FilePickerActivity"
157-->src\main\AndroidManifest.xml:137:13-76
158            android:exported="true"
158-->src\main\AndroidManifest.xml:138:13-36
159            android:label="@string/app_name"
159-->src\main\AndroidManifest.xml:139:13-45
160            android:theme="@style/FilePickerTheme" >
160-->src\main\AndroidManifest.xml:140:13-51
161            <intent-filter>
161-->src\main\AndroidManifest.xml:141:13-145:29
162                <action android:name="android.intent.action.GET_CONTENT" />
162-->src\main\AndroidManifest.xml:142:17-76
162-->src\main\AndroidManifest.xml:142:25-73
163
164                <category android:name="android.intent.category.DEFAULT" />
164-->src\main\AndroidManifest.xml:101:17-76
164-->src\main\AndroidManifest.xml:101:27-73
165            </intent-filter>
166        </activity>
167        <activity
167-->src\main\AndroidManifest.xml:147:9-157:20
168            android:name="com.kids.launcher.activity.AddShortcutActivity"
168-->src\main\AndroidManifest.xml:148:13-74
169            android:autoRemoveFromRecents="true"
169-->src\main\AndroidManifest.xml:149:13-49
170            android:excludeFromRecents="true"
170-->src\main\AndroidManifest.xml:150:13-46
171            android:exported="true"
171-->src\main\AndroidManifest.xml:151:13-36
172            android:label="@string/app_name"
172-->src\main\AndroidManifest.xml:152:13-45
173            android:theme="@style/FilePickerTheme" >
173-->src\main\AndroidManifest.xml:153:13-51
174            <intent-filter>
174-->src\main\AndroidManifest.xml:154:13-156:29
175                <action android:name="android.content.pm.action.CONFIRM_PIN_SHORTCUT" />
175-->src\main\AndroidManifest.xml:155:17-89
175-->src\main\AndroidManifest.xml:155:25-86
176            </intent-filter>
177        </activity>
178
179        <receiver
179-->src\main\AndroidManifest.xml:159:9-170:20
180            android:name="com.kids.launcher.receivers.DeviceAdminReceiver"
180-->src\main\AndroidManifest.xml:160:13-75
181            android:exported="true"
181-->src\main\AndroidManifest.xml:161:13-36
182            android:permission="android.permission.BIND_DEVICE_ADMIN" >
182-->src\main\AndroidManifest.xml:162:13-70
183            <intent-filter>
183-->src\main\AndroidManifest.xml:163:13-165:29
184                <action android:name="android.app.action.DEVICE_ADMIN_ENABLED" />
184-->src\main\AndroidManifest.xml:164:17-82
184-->src\main\AndroidManifest.xml:164:25-79
185            </intent-filter>
186
187            <meta-data
187-->src\main\AndroidManifest.xml:167:13-169:56
188                android:name="android.app.device_admin"
188-->src\main\AndroidManifest.xml:168:17-56
189                android:resource="@xml/device_admin" />
189-->src\main\AndroidManifest.xml:169:17-53
190        </receiver>
191        <receiver
191-->src\main\AndroidManifest.xml:171:9-178:20
192            android:name="com.kids.launcher.receivers.ShortcutReceiver"
192-->src\main\AndroidManifest.xml:172:13-72
193            android:exported="true"
193-->src\main\AndroidManifest.xml:173:13-36
194            android:permission="com.android.launcher.permission.INSTALL_SHORTCUT" >
194-->src\main\AndroidManifest.xml:174:13-82
195            <intent-filter>
195-->src\main\AndroidManifest.xml:175:13-177:29
196                <action android:name="com.android.launcher.action.INSTALL_SHORTCUT" />
196-->src\main\AndroidManifest.xml:176:17-87
196-->src\main\AndroidManifest.xml:176:25-84
197            </intent-filter>
198        </receiver>
199
200        <service
200-->src\main\AndroidManifest.xml:180:9-189:19
201            android:name="com.kids.launcher.notifications.NotificationListener"
201-->src\main\AndroidManifest.xml:181:13-80
202            android:enabled="true"
202-->src\main\AndroidManifest.xml:182:13-35
203            android:exported="true"
203-->src\main\AndroidManifest.xml:183:13-36
204            android:label="@string/icon_badge_service_title"
204-->src\main\AndroidManifest.xml:184:13-61
205            android:permission="android.permission.BIND_NOTIFICATION_LISTENER_SERVICE" >
205-->src\main\AndroidManifest.xml:185:13-87
206            <intent-filter>
206-->src\main\AndroidManifest.xml:186:13-188:29
207                <action android:name="android.service.notification.NotificationListenerService" />
207-->src\main\AndroidManifest.xml:187:17-99
207-->src\main\AndroidManifest.xml:187:25-96
208            </intent-filter>
209        </service>
210        <service
210-->src\main\AndroidManifest.xml:190:9-195:45
211            android:name="com.kids.launcher.system.TimeCheckerService"
211-->src\main\AndroidManifest.xml:191:13-71
212            android:enabled="true"
212-->src\main\AndroidManifest.xml:192:13-35
213            android:exported="false"
213-->src\main\AndroidManifest.xml:193:13-37
214            android:label="TimeUpChecker" />
214-->src\main\AndroidManifest.xml:194:13-42
215
216        <provider
217            android:name="androidx.core.content.FileProvider"
217-->src\main\AndroidManifest.xml:198:13-62
218            android:authorities="com.benny.openlauncher.debug.provider"
218-->src\main\AndroidManifest.xml:199:13-60
219            android:exported="false"
219-->src\main\AndroidManifest.xml:200:13-37
220            android:grantUriPermissions="true" >
220-->src\main\AndroidManifest.xml:201:13-47
221            <meta-data
221-->src\main\AndroidManifest.xml:202:13-204:54
222                android:name="android.support.FILE_PROVIDER_PATHS"
222-->src\main\AndroidManifest.xml:203:17-67
223                android:resource="@xml/file_paths" />
223-->src\main\AndroidManifest.xml:204:17-51
224        </provider>
225
226        <activity
226-->[cat.ereza:customactivityoncrash:2.2.0] AndroidManifest.xml:12:9-14:49
227            android:name="cat.ereza.customactivityoncrash.activity.DefaultErrorActivity"
227-->[cat.ereza:customactivityoncrash:2.2.0] AndroidManifest.xml:13:13-89
228            android:process=":error_activity" />
228-->[cat.ereza:customactivityoncrash:2.2.0] AndroidManifest.xml:14:13-46
229
230        <provider
230-->[cat.ereza:customactivityoncrash:2.2.0] AndroidManifest.xml:16:9-20:39
231            android:name="cat.ereza.customactivityoncrash.provider.CaocInitProvider"
231-->[cat.ereza:customactivityoncrash:2.2.0] AndroidManifest.xml:17:13-85
232            android:authorities="com.benny.openlauncher.debug.customactivityoncrashinitprovider"
232-->[cat.ereza:customactivityoncrash:2.2.0] AndroidManifest.xml:18:13-85
233            android:exported="false"
233-->[cat.ereza:customactivityoncrash:2.2.0] AndroidManifest.xml:19:13-37
234            android:initOrder="101" />
234-->[cat.ereza:customactivityoncrash:2.2.0] AndroidManifest.xml:20:13-36
235
236        <activity
236-->[com.github.dhaval2404:imagepicker:2.1] AndroidManifest.xml:22:9-25:68
237            android:name="com.github.dhaval2404.imagepicker.ImagePickerActivity"
237-->[com.github.dhaval2404:imagepicker:2.1] AndroidManifest.xml:23:13-81
238            android:screenOrientation="unspecified"
238-->[com.github.dhaval2404:imagepicker:2.1] AndroidManifest.xml:24:13-52
239            android:theme="@style/Theme.Transparent.ImagePicker" />
239-->[com.github.dhaval2404:imagepicker:2.1] AndroidManifest.xml:25:13-65
240        <activity
240-->[com.github.dhaval2404:imagepicker:2.1] AndroidManifest.xml:26:9-29:72
241            android:name="com.yalantis.ucrop.UCropActivity"
241-->[com.github.dhaval2404:imagepicker:2.1] AndroidManifest.xml:27:13-60
242            android:screenOrientation="portrait"
242-->[com.github.dhaval2404:imagepicker:2.1] AndroidManifest.xml:28:13-49
243            android:theme="@style/Theme.AppCompat.Light.NoActionBar" />
243-->[com.github.dhaval2404:imagepicker:2.1] AndroidManifest.xml:29:13-69
244
245        <provider
245-->[com.github.dhaval2404:imagepicker:2.1] AndroidManifest.xml:31:9-39:20
246            android:name="com.github.dhaval2404.imagepicker.ImagePickerFileProvider"
246-->[com.github.dhaval2404:imagepicker:2.1] AndroidManifest.xml:32:13-85
247            android:authorities="com.benny.openlauncher.debug.imagepicker.provider"
247-->[com.github.dhaval2404:imagepicker:2.1] AndroidManifest.xml:33:13-72
248            android:exported="false"
248-->[com.github.dhaval2404:imagepicker:2.1] AndroidManifest.xml:34:13-37
249            android:grantUriPermissions="true" >
249-->[com.github.dhaval2404:imagepicker:2.1] AndroidManifest.xml:35:13-47
250            <meta-data
250-->src\main\AndroidManifest.xml:202:13-204:54
251                android:name="android.support.FILE_PROVIDER_PATHS"
251-->src\main\AndroidManifest.xml:203:17-67
252                android:resource="@xml/image_picker_provider_paths" />
252-->src\main\AndroidManifest.xml:204:17-51
253        </provider>
254        <provider
254-->[androidx.work:work-runtime:2.7.1] AndroidManifest.xml:31:9-39:20
255            android:name="androidx.startup.InitializationProvider"
255-->[androidx.work:work-runtime:2.7.1] AndroidManifest.xml:32:13-67
256            android:authorities="com.benny.openlauncher.debug.androidx-startup"
256-->[androidx.work:work-runtime:2.7.1] AndroidManifest.xml:33:13-68
257            android:exported="false" >
257-->[androidx.work:work-runtime:2.7.1] AndroidManifest.xml:34:13-37
258            <meta-data
258-->[androidx.work:work-runtime:2.7.1] AndroidManifest.xml:36:13-38:52
259                android:name="androidx.work.WorkManagerInitializer"
259-->[androidx.work:work-runtime:2.7.1] AndroidManifest.xml:37:17-68
260                android:value="androidx.startup" />
260-->[androidx.work:work-runtime:2.7.1] AndroidManifest.xml:38:17-49
261            <meta-data
261-->[androidx.emoji2:emoji2:1.0.0] AndroidManifest.xml:31:13-33:52
262                android:name="androidx.emoji2.text.EmojiCompatInitializer"
262-->[androidx.emoji2:emoji2:1.0.0] AndroidManifest.xml:32:17-75
263                android:value="androidx.startup" />
263-->[androidx.emoji2:emoji2:1.0.0] AndroidManifest.xml:33:17-49
264            <meta-data
264-->[androidx.lifecycle:lifecycle-process:2.4.0] AndroidManifest.xml:31:13-33:52
265                android:name="androidx.lifecycle.ProcessLifecycleInitializer"
265-->[androidx.lifecycle:lifecycle-process:2.4.0] AndroidManifest.xml:32:17-78
266                android:value="androidx.startup" />
266-->[androidx.lifecycle:lifecycle-process:2.4.0] AndroidManifest.xml:33:17-49
267        </provider>
268
269        <service
269-->[androidx.work:work-runtime:2.7.1] AndroidManifest.xml:41:9-46:35
270            android:name="androidx.work.impl.background.systemalarm.SystemAlarmService"
270-->[androidx.work:work-runtime:2.7.1] AndroidManifest.xml:42:13-88
271            android:directBootAware="false"
271-->[androidx.work:work-runtime:2.7.1] AndroidManifest.xml:43:13-44
272            android:enabled="@bool/enable_system_alarm_service_default"
272-->[androidx.work:work-runtime:2.7.1] AndroidManifest.xml:44:13-72
273            android:exported="false" />
273-->[androidx.work:work-runtime:2.7.1] AndroidManifest.xml:45:13-37
274        <service
274-->[androidx.work:work-runtime:2.7.1] AndroidManifest.xml:47:9-53:35
275            android:name="androidx.work.impl.background.systemjob.SystemJobService"
275-->[androidx.work:work-runtime:2.7.1] AndroidManifest.xml:48:13-84
276            android:directBootAware="false"
276-->[androidx.work:work-runtime:2.7.1] AndroidManifest.xml:49:13-44
277            android:enabled="@bool/enable_system_job_service_default"
277-->[androidx.work:work-runtime:2.7.1] AndroidManifest.xml:50:13-70
278            android:exported="true"
278-->[androidx.work:work-runtime:2.7.1] AndroidManifest.xml:51:13-36
279            android:permission="android.permission.BIND_JOB_SERVICE" />
279-->[androidx.work:work-runtime:2.7.1] AndroidManifest.xml:52:13-69
280        <service
280-->[androidx.work:work-runtime:2.7.1] AndroidManifest.xml:54:9-59:35
281            android:name="androidx.work.impl.foreground.SystemForegroundService"
281-->[androidx.work:work-runtime:2.7.1] AndroidManifest.xml:55:13-81
282            android:directBootAware="false"
282-->[androidx.work:work-runtime:2.7.1] AndroidManifest.xml:56:13-44
283            android:enabled="@bool/enable_system_foreground_service_default"
283-->[androidx.work:work-runtime:2.7.1] AndroidManifest.xml:57:13-77
284            android:exported="false" />
284-->[androidx.work:work-runtime:2.7.1] AndroidManifest.xml:58:13-37
285
286        <receiver
286-->[androidx.work:work-runtime:2.7.1] AndroidManifest.xml:61:9-66:35
287            android:name="androidx.work.impl.utils.ForceStopRunnable$BroadcastReceiver"
287-->[androidx.work:work-runtime:2.7.1] AndroidManifest.xml:62:13-88
288            android:directBootAware="false"
288-->[androidx.work:work-runtime:2.7.1] AndroidManifest.xml:63:13-44
289            android:enabled="true"
289-->[androidx.work:work-runtime:2.7.1] AndroidManifest.xml:64:13-35
290            android:exported="false" />
290-->[androidx.work:work-runtime:2.7.1] AndroidManifest.xml:65:13-37
291        <receiver
291-->[androidx.work:work-runtime:2.7.1] AndroidManifest.xml:67:9-77:20
292            android:name="androidx.work.impl.background.systemalarm.ConstraintProxy$BatteryChargingProxy"
292-->[androidx.work:work-runtime:2.7.1] AndroidManifest.xml:68:13-106
293            android:directBootAware="false"
293-->[androidx.work:work-runtime:2.7.1] AndroidManifest.xml:69:13-44
294            android:enabled="false"
294-->[androidx.work:work-runtime:2.7.1] AndroidManifest.xml:70:13-36
295            android:exported="false" >
295-->[androidx.work:work-runtime:2.7.1] AndroidManifest.xml:71:13-37
296            <intent-filter>
296-->[androidx.work:work-runtime:2.7.1] AndroidManifest.xml:73:13-76:29
297                <action android:name="android.intent.action.ACTION_POWER_CONNECTED" />
297-->[androidx.work:work-runtime:2.7.1] AndroidManifest.xml:74:17-87
297-->[androidx.work:work-runtime:2.7.1] AndroidManifest.xml:74:25-84
298                <action android:name="android.intent.action.ACTION_POWER_DISCONNECTED" />
298-->[androidx.work:work-runtime:2.7.1] AndroidManifest.xml:75:17-90
298-->[androidx.work:work-runtime:2.7.1] AndroidManifest.xml:75:25-87
299            </intent-filter>
300        </receiver>
301        <receiver
301-->[androidx.work:work-runtime:2.7.1] AndroidManifest.xml:78:9-88:20
302            android:name="androidx.work.impl.background.systemalarm.ConstraintProxy$BatteryNotLowProxy"
302-->[androidx.work:work-runtime:2.7.1] AndroidManifest.xml:79:13-104
303            android:directBootAware="false"